<?xml version="1.0" encoding="UTF-8"?>
<!-- Generated by org.testng.reporters.JUnitReportReporter -->
<testsuite skipped="0" hostname="DESKTOP-AVRBRCH" name="com.crm.qa.testcases.LoginPageTest" tests="3" failures="0" timestamp="30 Aug 2018 19:00:23 GMT" time="20.533" errors="0">
  <testcase name="loginPageTitleTest" time="5.511" classname="com.crm.qa.testcases.LoginPageTest"/>
  <testcase name="crmLogoImageTest" time="7.361" classname="com.crm.qa.testcases.LoginPageTest"/>
  <testcase name="loginTest" time="7.661" classname="com.crm.qa.testcases.LoginPageTest"/>
</testsuite> <!-- com.crm.qa.testcases.LoginPageTest -->
